d:\mechanics\studious-engine\ez-studious-engine\build_win32\studious-engine\studious-engine.dir\debug\vc140.pdb
d:\mechanics\studious-engine\ez-studious-engine\build_win32\studious-engine\studious-engine.dir\debug\window.obj
d:\mechanics\studious-engine\ez-studious-engine\build_win32\studious-engine\studious-engine.dir\debug\vertexarray.obj
d:\mechanics\studious-engine\ez-studious-engine\build_win32\studious-engine\studious-engine.dir\debug\vec4.obj
d:\mechanics\studious-engine\ez-studious-engine\build_win32\studious-engine\studious-engine.dir\debug\vec3.obj
d:\mechanics\studious-engine\ez-studious-engine\build_win32\studious-engine\studious-engine.dir\debug\vec2.obj
d:\mechanics\studious-engine\ez-studious-engine\build_win32\studious-engine\studious-engine.dir\debug\triangle.obj
d:\mechanics\studious-engine\ez-studious-engine\build_win32\studious-engine\studious-engine.dir\debug\square.obj
d:\mechanics\studious-engine\ez-studious-engine\build_win32\studious-engine\studious-engine.dir\debug\sprite.obj
d:\mechanics\studious-engine\ez-studious-engine\build_win32\studious-engine\studious-engine.dir\debug\simplerenderer.obj
d:\mechanics\studious-engine\ez-studious-engine\build_win32\studious-engine\studious-engine.dir\debug\shader.obj
d:\mechanics\studious-engine\ez-studious-engine\build_win32\studious-engine\studious-engine.dir\debug\rectangle.obj
d:\mechanics\studious-engine\ez-studious-engine\build_win32\studious-engine\studious-engine.dir\debug\mat4.obj
d:\mechanics\studious-engine\ez-studious-engine\build_win32\studious-engine\studious-engine.dir\debug\main.obj
d:\mechanics\studious-engine\ez-studious-engine\build_win32\studious-engine\studious-engine.dir\debug\inputmanager.obj
d:\mechanics\studious-engine\ez-studious-engine\build_win32\studious-engine\studious-engine.dir\debug\indexbuffer.obj
d:\mechanics\studious-engine\ez-studious-engine\build_win32\studious-engine\studious-engine.dir\debug\buffer.obj
d:\mechanics\studious-engine\ez-studious-engine\build_win32\studious-engine\studious-engine.dir\debug\application.obj
d:\mechanics\studious-engine\ez-studious-engine\build_win32\bin\studious-engine.ilk
d:\mechanics\studious-engine\ez-studious-engine\build_win32\bin\studious-engine.exe
d:\mechanics\studious-engine\ez-studious-engine\build_win32\bin\studious-engine.pdb
d:\mechanics\studious-engine\ez-studious-engine\build_win32\studious-engine\studious-engine.dir\debug\studious-engine.tlog\cl.command.1.tlog
d:\mechanics\studious-engine\ez-studious-engine\build_win32\studious-engine\studious-engine.dir\debug\studious-engine.tlog\cl.read.1.tlog
d:\mechanics\studious-engine\ez-studious-engine\build_win32\studious-engine\studious-engine.dir\debug\studious-engine.tlog\cl.write.1.tlog
d:\mechanics\studious-engine\ez-studious-engine\build_win32\studious-engine\studious-engine.dir\debug\studious-engine.tlog\link.command.1.tlog
d:\mechanics\studious-engine\ez-studious-engine\build_win32\studious-engine\studious-engine.dir\debug\studious-engine.tlog\link.read.1.tlog
d:\mechanics\studious-engine\ez-studious-engine\build_win32\studious-engine\studious-engine.dir\debug\studious-engine.tlog\link.write.1.tlog
