  Application.cpp
  Buffer.cpp
  IndexBuffer.cpp
  InputManager.cpp
  Main.cpp
  Mat4.cpp
D:\mechanics\studious-engine\ez-studious-engine\src\studious-engine\PublicFiles\Mat4.cpp(73): warning C4244: 'return': conversion from 'double' to 'float', possible loss of data
  Rectangle.cpp
  Shader.cpp
  SimpleRenderer.cpp
  Sprite.cpp
C:\Program Files (x86)\Microsoft Visual Studio 14.0\VC\include\memory(901): warning C4267: 'argument': conversion from 'size_t' to 'GLsizei', possible loss of data
  C:\Program Files (x86)\Microsoft Visual Studio 14.0\VC\include\memory(971): note: see reference to function template instantiation 'std::_Ref_count_obj<_Ty>::_Ref_count_obj<const std::vector<GLfloat,std::allocator<float>>&,unsigned __int64,int>(const std::vector<GLfloat,std::allocator<float>> &,unsigned __int64 &&,int &&)' being compiled
          with
          [
              _Ty=SE::Buffer
          ]
  C:\Program Files (x86)\Microsoft Visual Studio 14.0\VC\include\memory(971): note: see reference to function template instantiation 'std::_Ref_count_obj<_Ty>::_Ref_count_obj<const std::vector<GLfloat,std::allocator<float>>&,unsigned __int64,int>(const std::vector<GLfloat,std::allocator<float>> &,unsigned __int64 &&,int &&)' being compiled
          with
          [
              _Ty=SE::Buffer
          ]
  D:\mechanics\studious-engine\ez-studious-engine\src\studious-engine\PublicFiles\Sprite.cpp(42): note: see reference to function template instantiation 'std::shared_ptr<SE::Buffer> std::make_shared<SE::Buffer,const std::vector<GLfloat,std::allocator<_Ty>>&,unsigned __int64,int>(const std::vector<_Ty,std::allocator<_Ty>> &,unsigned __int64 &&,int &&)' being compiled
          with
          [
              _Ty=GLfloat
          ]
  Square.cpp
  Triangle.cpp
  Vec2.cpp
  Vec3.cpp
  Vec4.cpp
  VertexArray.cpp
  Window.cpp
  Generating Code...
  studious-engine.vcxproj -> D:\mechanics\studious-engine\ez-studious-engine\build_win32\bin\studious-engine.lib
